# JRE version: Java(TM) SE Runtime Environment (17.0.12+8) (build 17.0.12+8-LTS-286)
# Java VM: Java HotSpot(TM) 64-Bit Server VM (17.0.12+8-LTS-286, mixed mode, sharing, tiered, compressed oops, compressed class ptrs, g1 gc, windows-amd64)
GC Precious Log:
 CPUs: 4 total, 4 available
 Memory: 11982M
 Large Page Support: Disabled
 NUMA Support: Disabled
 Compressed Oops: Enabled (Zero based)
 Heap Region Size: 2M
 Heap Min Capacity: 8M
 Heap Initial Capacity: 188M
 Heap Max Capacity: 2996M
 Pre-touch: Disabled
 Parallel Workers: 4
 Concurrent Workers: 1
 Concurrent Refinement Workers: 4
 Periodic GC: Disabled
Heap:
 garbage-first heap   total 344064K, used 158353K [0x0000000744c00000, 0x0000000800000000)
  region size 2048K, 4 young (8192K), 1 survivors (2048K)
 Metaspace       used 13684K, committed 13888K, reserved 1114112K
  class space    used 1574K, committed 1664K, reserved 1048576K
GC Heap History (20 events):
Event: 2.567 GC heap before
{Heap before GC invocations=9 (full 0):
 garbage-first heap   total 194560K, used 111658K [0x0000000744c00000, 0x0000000800000000)
  region size 2048K, 4 young (8192K), 3 survivors (6144K)
 Metaspace       used 7498K, committed 7680K, reserved 1114112K
  class space    used 961K, committed 1088K, reserved 1048576K
}
Event: 2.568 GC heap after
{Heap after GC invocations=10 (full 0):
 garbage-first heap   total 233472K, used 111301K [0x0000000744c00000, 0x0000000800000000)
  region size 2048K, 2 young (4096K), 2 survivors (4096K)
 Metaspace       used 7498K, committed 7680K, reserved 1114112K
  class space    used 961K, committed 1088K, reserved 1048576K
}
Event: 2.581 GC heap before
{Heap before GC invocations=11 (full 0):
 garbage-first heap   total 233472K, used 115397K [0x0000000744c00000, 0x0000000800000000)
  region size 2048K, 3 young (6144K), 2 survivors (4096K)
 Metaspace       used 7498K, committed 7680K, reserved 1114112K
  class space    used 961K, committed 1088K, reserved 1048576K
}
Event: 2.583 GC heap after
{Heap after GC invocations=12 (full 0):
 garbage-first heap   total 233472K, used 115717K [0x0000000744c00000, 0x0000000800000000)
  region size 2048K, 3 young (6144K), 3 survivors (6144K)
 Metaspace       used 7498K, committed 7680K, reserved 1114112K
  class space    used 961K, committed 1088K, reserved 1048576K
}
Event: 2.600 GC heap before
{Heap before GC invocations=13 (full 0):
 garbage-first heap   total 233472K, used 119813K [0x0000000744c00000, 0x0000000800000000)
  region size 2048K, 4 young (8192K), 3 survivors (6144K)
 Metaspace       used 7498K, committed 7680K, reserved 1114112K
  class space    used 961K, committed 1088K, reserved 1048576K
}
Event: 2.601 GC heap after
{Heap after GC invocations=14 (full 0):
 garbage-first heap   total 233472K, used 119493K [0x0000000744c00000, 0x0000000800000000)
  region size 2048K, 2 young (4096K), 2 survivors (4096K)
 Metaspace       used 7498K, committed 7680K, reserved 1114112K
  class space    used 961K, committed 1088K, reserved 1048576K
}
Event: 2.626 GC heap before
{Heap before GC invocations=15 (full 0):
 garbage-first heap   total 233472K, used 123589K [0x0000000744c00000, 0x0000000800000000)
  region size 2048K, 3 young (6144K), 2 survivors (4096K)
 Metaspace       used 7498K, committed 7680K, reserved 1114112K
  class space    used 961K, committed 1088K, reserved 1048576K
}
Event: 2.627 GC heap after
{Heap after GC invocations=16 (full 0):
 garbage-first heap   total 233472K, used 123585K [0x0000000744c00000, 0x0000000800000000)
  region size 2048K, 2 young (4096K), 2 survivors (4096K)
 Metaspace       used 7498K, committed 7680K, reserved 1114112K
  class space    used 961K, committed 1088K, reserved 1048576K
}
Event: 2.652 GC heap before
{Heap before GC invocations=17 (full 0):
 garbage-first heap   total 233472K, used 127681K [0x0000000744c00000, 0x0000000800000000)
  region size 2048K, 3 young (6144K), 2 survivors (4096K)
 Metaspace       used 7498K, committed 7680K, reserved 1114112K
  class space    used 961K, committed 1088K, reserved 1048576K
}
Event: 2.653 GC heap after
{Heap after GC invocations=18 (full 0):
 garbage-first heap   total 280576K, used 128003K [0x0000000744c00000, 0x0000000800000000)
  region size 2048K, 3 young (6144K), 3 survivors (6144K)
 Metaspace       used 7498K, committed 7680K, reserved 1114112K
  class space    used 961K, committed 1088K, reserved 1048576K
}
Event: 2.666 GC heap before
{Heap before GC invocations=18 (full 0):
 garbage-first heap   total 280576K, used 132099K [0x0000000744c00000, 0x0000000800000000)
  region size 2048K, 4 young (8192K), 3 survivors (6144K)
 Metaspace       used 7499K, committed 7744K, reserved 1114112K
  class space    used 961K, committed 1088K, reserved 1048576K
}
Event: 2.667 GC heap after
{Heap after GC invocations=19 (full 0):
 garbage-first heap   total 280576K, used 131779K [0x0000000744c00000, 0x0000000800000000)
  region size 2048K, 2 young (4096K), 2 survivors (4096K)
 Metaspace       used 7499K, committed 7744K, reserved 1114112K
  class space    used 961K, committed 1088K, reserved 1048576K
}
Event: 2.703 GC heap before
{Heap before GC invocations=20 (full 0):
 garbage-first heap   total 280576K, used 137923K [0x0000000744c00000, 0x0000000800000000)
  region size 2048K, 3 young (6144K), 2 survivors (4096K)
 Metaspace       used 7499K, committed 7744K, reserved 1114112K
  class space    used 961K, committed 1088K, reserved 1048576K
}
Event: 2.704 GC heap after
{Heap after GC invocations=21 (full 0):
 garbage-first heap   total 280576K, used 139313K [0x0000000744c00000, 0x0000000800000000)
  region size 2048K, 3 young (6144K), 3 survivors (6144K)
 Metaspace       used 7499K, committed 7744K, reserved 1114112K
  class space    used 961K, committed 1088K, reserved 1048576K
}
Event: 2.732 GC heap before
{Heap before GC invocations=22 (full 0):
 garbage-first heap   total 280576K, used 141361K [0x0000000744c00000, 0x0000000800000000)
  region size 2048K, 4 young (8192K), 3 survivors (6144K)
 Metaspace       used 7499K, committed 7744K, reserved 1114112K
  class space    used 961K, committed 1088K, reserved 1048576K
}
Event: 2.733 GC heap after
{Heap after GC invocations=23 (full 0):
 garbage-first heap   total 280576K, used 142924K [0x0000000744c00000, 0x0000000800000000)
  region size 2048K, 2 young (4096K), 2 survivors (4096K)
 Metaspace       used 7499K, committed 7744K, reserved 1114112K
  class space    used 961K, committed 1088K, reserved 1048576K
}
Event: 5.215 GC heap before
{Heap before GC invocations=24 (full 0):
 garbage-first heap   total 280576K, used 163404K [0x0000000744c00000, 0x0000000800000000)
  region size 2048K, 13 young (26624K), 2 survivors (4096K)
 Metaspace       used 11610K, committed 11776K, reserved 1114112K
  class space    used 1410K, committed 1472K, reserved 1048576K
}
Event: 5.218 GC heap after
{Heap after GC invocations=25 (full 0):
 garbage-first heap   total 344064K, used 151780K [0x0000000744c00000, 0x0000000800000000)
  region size 2048K, 4 young (8192K), 4 survivors (8192K)
 Metaspace       used 11610K, committed 11776K, reserved 1114112K
  class space    used 1410K, committed 1472K, reserved 1048576K
}
Event: 17.492 GC heap before
{Heap before GC invocations=25 (full 0):
 garbage-first heap   total 344064K, used 205028K [0x0000000744c00000, 0x0000000800000000)
  region size 2048K, 30 young (61440K), 4 survivors (8192K)
 Metaspace       used 13664K, committed 13888K, reserved 1114112K
  class space    used 1574K, committed 1664K, reserved 1048576K
}
Event: 17.498 GC heap after
{Heap after GC invocations=26 (full 0):
 garbage-first heap   total 344064K, used 154257K [0x0000000744c00000, 0x0000000800000000)
  region size 2048K, 1 young (2048K), 1 survivors (2048K)
 Metaspace       used 13664K, committed 13888K, reserved 1114112K
  class space    used 1574K, committed 1664K, reserved 1048576K
}

